<?xml version="1.0" encoding="UTF-8"?>
<!-- Generated by org.testng.reporters.JUnitXMLReporter -->
<testsuite hostname="LAPTOP-BalajiMS" name="Test" tests="7" failures="0" timestamp="9 Mar 2020 17:21:51 GMT" time="364.092" errors="0">
  <testcase name="UserRegistration" time="7.69" classname="com.resileo.seleniumweb.appedoRegistration"/>
  <testcase name="ForgotPassword" time="19.139" classname="com.resileo.seleniumweb.forgotPassword"/>
  <testcase name="doTest" time="54.772" classname="com.resileo.seleniumweb.appedoMenuMethodRunner"/>
  <testcase name="DownloadAgents" time="35.49" classname="com.resileo.seleniumweb.downloadAgents"/>
  <testcase name="appedoselectTheme" time="34.796" classname="com.resileo.seleniumweb.selectTheme"/>
  <testcase name="passwordChangeSetting" time="23.523" classname="com.resileo.seleniumweb.settingChangePassword"/>
  <testcase name="updateProfileSetting" time="39.734" classname="com.resileo.seleniumweb.settingUpdateProfile"/>
</testsuite> <!-- Test -->
