<?xml version="1.0" encoding="UTF-8"?>
<!-- Generated by org.testng.reporters.JUnitXMLReporter -->
<testsuite hostname="LAPTOP-BalajiMS" name="Test" tests="7" failures="0" timestamp="8 Mar 2020 18:58:27 GMT" time="288.594" errors="0">
  <testcase name="UserRegistration" time="4.57" classname="com.resileo.seleniumweb.appedoRegistration"/>
  <testcase name="ForgotPassword" time="14.022" classname="com.resileo.seleniumweb.forgotPassword"/>
  <testcase name="doTest" time="50.995" classname="com.resileo.seleniumweb.appedoMenuMethodRunner"/>
  <testcase name="DownloadAgents" time="32.091" classname="com.resileo.seleniumweb.downloadAgents"/>
  <testcase name="appedoselectTheme" time="30.28" classname="com.resileo.seleniumweb.selectTheme"/>
  <testcase name="passwordChangeSetting" time="19.599" classname="com.resileo.seleniumweb.settingChangePassword"/>
  <testcase name="updateProfileSetting" time="34.177" classname="com.resileo.seleniumweb.settingUpdateProfile"/>
</testsuite> <!-- Test -->
